[2023-10-01T17:13:12.826+0000] {taskinstance.py:1103} INFO - Dependencies all met for dep_context=non-requeueable deps ti=<TaskInstance: Load-Green-Taxi-Data-Web-To-GCS-To-BQ.download_to_gcs scheduled__2019-06-02T06:00:00+00:00 [queued]>
[2023-10-01T17:13:12.842+0000] {taskinstance.py:1103} INFO - Dependencies all met for dep_context=requeueable deps ti=<TaskInstance: Load-Green-Taxi-Data-Web-To-GCS-To-BQ.download_to_gcs scheduled__2019-06-02T06:00:00+00:00 [queued]>
[2023-10-01T17:13:12.843+0000] {taskinstance.py:1308} INFO - Starting attempt 1 of 3
[2023-10-01T17:13:13.281+0000] {taskinstance.py:1327} INFO - Executing <Task(WebToGCSHKOperator): download_to_gcs> on 2019-06-02 06:00:00+00:00
[2023-10-01T17:13:13.293+0000] {standard_task_runner.py:57} INFO - Started process 2010 to run task
[2023-10-01T17:13:13.300+0000] {standard_task_runner.py:84} INFO - Running: ['***', 'tasks', 'run', 'Load-Green-Taxi-Data-Web-To-GCS-To-BQ', 'download_to_gcs', 'scheduled__2019-06-02T06:00:00+00:00', '--job-id', '593', '--raw', '--subdir', 'DAGS_FOLDER/web_gcs_bq.py', '--cfg-path', '/tmp/tmpzx9ngj27']
[2023-10-01T17:13:13.305+0000] {standard_task_runner.py:85} INFO - Job 593: Subtask download_to_gcs
[2023-10-01T17:13:15.793+0000] {task_command.py:410} INFO - Running <TaskInstance: Load-Green-Taxi-Data-Web-To-GCS-To-BQ.download_to_gcs scheduled__2019-06-02T06:00:00+00:00 [running]> on host 772c7a5949f4
[2023-10-01T17:13:19.195+0000] {taskinstance.py:1547} INFO - Exporting env vars: AIRFLOW_CTX_DAG_EMAIL='' AIRFLOW_CTX_DAG_OWNER='***' AIRFLOW_CTX_DAG_ID='Load-Green-Taxi-Data-Web-To-GCS-To-BQ' AIRFLOW_CTX_TASK_ID='download_to_gcs' AIRFLOW_CTX_EXECUTION_DATE='2019-06-02T06:00:00+00:00' AIRFLOW_CTX_TRY_NUMBER='1' AIRFLOW_CTX_DAG_RUN_ID='scheduled__2019-06-02T06:00:00+00:00'
[2023-10-01T17:13:19.197+0000] {crypto.py:83} WARNING - empty cryptography key - values will not be stored encrypted.
[2023-10-01T17:13:19.198+0000] {base.py:73} INFO - Using connection ID 'google_cloud_default' for task execution.
[2023-10-01T17:13:19.198+0000] {Web_To_GCS_Hook.py:67} INFO - Execute downloading of file from https://github.com/DataTalksClub/nyc-tlc-data/releases/download/green/green_tripdata_2019-06.csv.gz to gs://practice18//green_tripdata_2019-06.csv.gz
[2023-10-01T17:13:24.111+0000] {Web_To_GCS_Hook.py:79} INFO - File written to temporary directory: /tmp/tmpurdg6ioh/green_tripdata_2019-06.csv.gz
[2023-10-01T17:13:33.941+0000] {logging_mixin.py:150} INFO -    VendorID lpep_pickup_datetime  ... trip_type congestion_surcharge
0         2  2019-06-01 00:25:27  ...         1                 2.75
1         2  2019-06-01 00:39:13  ...         1                 0.00
2         2  2019-06-01 00:55:35  ...         1                 0.00
3         2  2019-06-01 00:54:50  ...         1                 0.00
4         1  2019-06-01 00:08:05  ...         1                 0.00

[5 rows x 20 columns]
[2023-10-01T17:13:38.537+0000] {Web_To_GCS_Hook.py:90} INFO - Parquet: green_tripdata_2019-06.csv
[2023-10-01T17:14:39.927+0000] {taskinstance.py:1824} ERROR - Task failed with exception
Traceback (most recent call last):
  File "/home/airflow/.local/lib/python3.7/site-packages/urllib3/connectionpool.py", line 721, in urlopen
    chunked=chunked,
  File "/home/airflow/.local/lib/python3.7/site-packages/urllib3/connectionpool.py", line 415, in _make_request
    conn.request(method, url, **httplib_request_kw)
  File "/home/airflow/.local/lib/python3.7/site-packages/urllib3/connection.py", line 244, in request
    super(HTTPConnection, self).request(method, url, body=body, headers=headers)
  File "/usr/local/lib/python3.7/http/client.py", line 1281, in request
    self._send_request(method, url, body, headers, encode_chunked)
  File "/usr/local/lib/python3.7/http/client.py", line 1327, in _send_request
    self.endheaders(body, encode_chunked=encode_chunked)
  File "/usr/local/lib/python3.7/http/client.py", line 1276, in endheaders
    self._send_output(message_body, encode_chunked=encode_chunked)
  File "/usr/local/lib/python3.7/http/client.py", line 1075, in _send_output
    self.send(chunk)
  File "/usr/local/lib/python3.7/http/client.py", line 997, in send
    self.sock.sendall(data)
  File "/usr/local/lib/python3.7/ssl.py", line 1034, in sendall
    v = self.send(byte_view[count:])
  File "/usr/local/lib/python3.7/ssl.py", line 1003, in send
    return self._sslobj.write(data)
socket.timeout: The write operation timed out

During handling of the above exception, another exception occurred:

Traceback (most recent call last):
  File "/home/airflow/.local/lib/python3.7/site-packages/requests/adapters.py", line 497, in send
    chunked=chunked,
  File "/home/airflow/.local/lib/python3.7/site-packages/urllib3/connectionpool.py", line 799, in urlopen
    method, url, error=e, _pool=self, _stacktrace=sys.exc_info()[2]
  File "/home/airflow/.local/lib/python3.7/site-packages/urllib3/util/retry.py", line 550, in increment
    raise six.reraise(type(error), error, _stacktrace)
  File "/home/airflow/.local/lib/python3.7/site-packages/urllib3/packages/six.py", line 769, in reraise
    raise value.with_traceback(tb)
  File "/home/airflow/.local/lib/python3.7/site-packages/urllib3/connectionpool.py", line 721, in urlopen
    chunked=chunked,
  File "/home/airflow/.local/lib/python3.7/site-packages/urllib3/connectionpool.py", line 415, in _make_request
    conn.request(method, url, **httplib_request_kw)
  File "/home/airflow/.local/lib/python3.7/site-packages/urllib3/connection.py", line 244, in request
    super(HTTPConnection, self).request(method, url, body=body, headers=headers)
  File "/usr/local/lib/python3.7/http/client.py", line 1281, in request
    self._send_request(method, url, body, headers, encode_chunked)
  File "/usr/local/lib/python3.7/http/client.py", line 1327, in _send_request
    self.endheaders(body, encode_chunked=encode_chunked)
  File "/usr/local/lib/python3.7/http/client.py", line 1276, in endheaders
    self._send_output(message_body, encode_chunked=encode_chunked)
  File "/usr/local/lib/python3.7/http/client.py", line 1075, in _send_output
    self.send(chunk)
  File "/usr/local/lib/python3.7/http/client.py", line 997, in send
    self.sock.sendall(data)
  File "/usr/local/lib/python3.7/ssl.py", line 1034, in sendall
    v = self.send(byte_view[count:])
  File "/usr/local/lib/python3.7/ssl.py", line 1003, in send
    return self._sslobj.write(data)
urllib3.exceptions.ProtocolError: ('Connection aborted.', timeout('The write operation timed out'))

During handling of the above exception, another exception occurred:

Traceback (most recent call last):
  File "/opt/airflow/plugins/web/operators/Web_To_GCS_Hook.py", line 58, in execute
    self._copy_file_object(gcs_hook)
  File "/opt/airflow/plugins/web/operators/Web_To_GCS_Hook.py", line 99, in _copy_file_object
    gzip=False,
  File "/home/airflow/.local/lib/python3.7/site-packages/airflow/providers/google/cloud/hooks/gcs.py", line 533, in upload
    partial(blob.upload_from_filename, filename=filename, content_type=mime_type, timeout=timeout)
  File "/home/airflow/.local/lib/python3.7/site-packages/airflow/providers/google/cloud/hooks/gcs.py", line 490, in _call_with_retry
    f()
  File "/home/airflow/.local/lib/python3.7/site-packages/google/cloud/storage/blob.py", line 2697, in upload_from_filename
    retry=retry,
  File "/home/airflow/.local/lib/python3.7/site-packages/google/cloud/storage/blob.py", line 2553, in upload_from_file
    retry=retry,
  File "/home/airflow/.local/lib/python3.7/site-packages/google/cloud/storage/blob.py", line 2384, in _do_upload
    retry=retry,
  File "/home/airflow/.local/lib/python3.7/site-packages/google/cloud/storage/blob.py", line 2215, in _do_resumable_upload
    response = upload.transmit_next_chunk(transport, timeout=timeout)
  File "/home/airflow/.local/lib/python3.7/site-packages/google/resumable_media/requests/upload.py", line 516, in transmit_next_chunk
    retriable_request, self._get_status_code, self._retry_strategy
  File "/home/airflow/.local/lib/python3.7/site-packages/google/resumable_media/requests/_request_helpers.py", line 178, in wait_and_retry
    raise error
  File "/home/airflow/.local/lib/python3.7/site-packages/google/resumable_media/requests/_request_helpers.py", line 155, in wait_and_retry
    response = func()
  File "/home/airflow/.local/lib/python3.7/site-packages/google/resumable_media/requests/upload.py", line 508, in retriable_request
    method, url, data=payload, headers=headers, timeout=timeout
  File "/home/airflow/.local/lib/python3.7/site-packages/google/auth/transport/requests.py", line 555, in request
    **kwargs
  File "/home/airflow/.local/lib/python3.7/site-packages/requests/sessions.py", line 589, in request
    resp = self.send(prep, **send_kwargs)
  File "/home/airflow/.local/lib/python3.7/site-packages/requests/sessions.py", line 703, in send
    r = adapter.send(request, **kwargs)
  File "/home/airflow/.local/lib/python3.7/site-packages/requests/adapters.py", line 501, in send
    raise ConnectionError(err, request=request)
requests.exceptions.ConnectionError: ('Connection aborted.', timeout('The write operation timed out'))
[2023-10-01T17:14:40.457+0000] {taskinstance.py:1350} INFO - Marking task as UP_FOR_RETRY. dag_id=Load-Green-Taxi-Data-Web-To-GCS-To-BQ, task_id=download_to_gcs, execution_date=20190602T060000, start_date=20231001T171312, end_date=20231001T171440
[2023-10-01T17:14:40.736+0000] {standard_task_runner.py:109} ERROR - Failed to execute job 593 for task download_to_gcs (('Connection aborted.', timeout('The write operation timed out')); 2010)
[2023-10-01T17:14:40.782+0000] {local_task_job_runner.py:225} INFO - Task exited with return code 1
[2023-10-01T17:14:40.809+0000] {taskinstance.py:2653} INFO - 0 downstream tasks scheduled from follow-on schedule check
[2023-10-01T17:57:23.711+0000] {taskinstance.py:1103} INFO - Dependencies all met for dep_context=non-requeueable deps ti=<TaskInstance: Load-Green-Taxi-Data-Web-To-GCS-To-BQ.download_to_gcs scheduled__2019-06-02T06:00:00+00:00 [queued]>
[2023-10-01T17:57:23.829+0000] {taskinstance.py:1103} INFO - Dependencies all met for dep_context=requeueable deps ti=<TaskInstance: Load-Green-Taxi-Data-Web-To-GCS-To-BQ.download_to_gcs scheduled__2019-06-02T06:00:00+00:00 [queued]>
[2023-10-01T17:57:23.830+0000] {taskinstance.py:1308} INFO - Starting attempt 1 of 3
[2023-10-01T17:57:23.947+0000] {taskinstance.py:1327} INFO - Executing <Task(WebToGCSHKOperator): download_to_gcs> on 2019-06-02 06:00:00+00:00
[2023-10-01T17:57:23.962+0000] {standard_task_runner.py:57} INFO - Started process 2673 to run task
[2023-10-01T17:57:23.966+0000] {standard_task_runner.py:84} INFO - Running: ['***', 'tasks', 'run', 'Load-Green-Taxi-Data-Web-To-GCS-To-BQ', 'download_to_gcs', 'scheduled__2019-06-02T06:00:00+00:00', '--job-id', '609', '--raw', '--subdir', 'DAGS_FOLDER/web_gcs_bq.py', '--cfg-path', '/tmp/tmpjfg968dm']
[2023-10-01T17:57:23.969+0000] {standard_task_runner.py:85} INFO - Job 609: Subtask download_to_gcs
[2023-10-01T17:57:24.147+0000] {task_command.py:410} INFO - Running <TaskInstance: Load-Green-Taxi-Data-Web-To-GCS-To-BQ.download_to_gcs scheduled__2019-06-02T06:00:00+00:00 [running]> on host 772c7a5949f4
[2023-10-01T17:57:24.482+0000] {taskinstance.py:1547} INFO - Exporting env vars: AIRFLOW_CTX_DAG_EMAIL='' AIRFLOW_CTX_DAG_OWNER='***' AIRFLOW_CTX_DAG_ID='Load-Green-Taxi-Data-Web-To-GCS-To-BQ' AIRFLOW_CTX_TASK_ID='download_to_gcs' AIRFLOW_CTX_EXECUTION_DATE='2019-06-02T06:00:00+00:00' AIRFLOW_CTX_TRY_NUMBER='1' AIRFLOW_CTX_DAG_RUN_ID='scheduled__2019-06-02T06:00:00+00:00'
[2023-10-01T17:57:24.483+0000] {crypto.py:83} WARNING - empty cryptography key - values will not be stored encrypted.
[2023-10-01T17:57:24.483+0000] {base.py:73} INFO - Using connection ID 'google_cloud_default' for task execution.
[2023-10-01T17:57:24.483+0000] {Web_To_GCS_Hook.py:67} INFO - Execute downloading of file from https://github.com/DataTalksClub/nyc-tlc-data/releases/download/green/green_tripdata_2019-06.csv.gz to gs://practice18//green_tripdata_2019-06.csv.gz
[2023-10-01T17:57:56.348+0000] {Web_To_GCS_Hook.py:79} INFO - File written to temporary directory: /tmp/tmp3jg2pwh3/green_tripdata_2019-06.csv.gz
[2023-10-01T17:57:59.005+0000] {logging_mixin.py:150} INFO -    VendorID lpep_pickup_datetime  ... trip_type congestion_surcharge
0         2  2019-06-01 00:25:27  ...         1                 2.75
1         2  2019-06-01 00:39:13  ...         1                 0.00
2         2  2019-06-01 00:55:35  ...         1                 0.00
3         2  2019-06-01 00:54:50  ...         1                 0.00
4         1  2019-06-01 00:08:05  ...         1                 0.00

[5 rows x 20 columns]
[2023-10-01T17:58:03.791+0000] {Web_To_GCS_Hook.py:90} INFO - Parquet: green_tripdata_2019-06.csv
[2023-10-01T17:58:57.545+0000] {gcs.py:538} INFO - File /tmp/tmp3jg2pwh3/green_tripdata_2019-06.csv uploaded to green/green_tripdata_2019-06.csv in practice18 bucket
[2023-10-01T17:58:57.560+0000] {Web_To_GCS_Hook.py:105} INFO - Loaded file from https://github.com/DataTalksClub/nyc-tlc-data/releases/download/green/green_tripdata_2019-06.csv.gz to gs://practice18//green/green_tripdata_2019-06.csv
[2023-10-01T17:58:57.659+0000] {taskinstance.py:1350} INFO - Marking task as SUCCESS. dag_id=Load-Green-Taxi-Data-Web-To-GCS-To-BQ, task_id=download_to_gcs, execution_date=20190602T060000, start_date=20231001T175723, end_date=20231001T175857
[2023-10-01T17:58:57.757+0000] {local_task_job_runner.py:225} INFO - Task exited with return code 0
[2023-10-01T17:58:57.786+0000] {taskinstance.py:2653} INFO - 1 downstream tasks scheduled from follow-on schedule check
[2023-10-01T20:08:40.780+0000] {taskinstance.py:1103} INFO - Dependencies all met for dep_context=non-requeueable deps ti=<TaskInstance: Load-Green-Taxi-Data-Web-To-GCS-To-BQ.download_to_gcs scheduled__2019-06-02T06:00:00+00:00 [queued]>
[2023-10-01T20:08:40.806+0000] {taskinstance.py:1103} INFO - Dependencies all met for dep_context=requeueable deps ti=<TaskInstance: Load-Green-Taxi-Data-Web-To-GCS-To-BQ.download_to_gcs scheduled__2019-06-02T06:00:00+00:00 [queued]>
[2023-10-01T20:08:40.806+0000] {taskinstance.py:1308} INFO - Starting attempt 1 of 3
[2023-10-01T20:08:40.837+0000] {taskinstance.py:1327} INFO - Executing <Task(WebToGCSHKOperator): download_to_gcs> on 2019-06-02 06:00:00+00:00
[2023-10-01T20:08:40.846+0000] {standard_task_runner.py:57} INFO - Started process 4912 to run task
[2023-10-01T20:08:40.849+0000] {standard_task_runner.py:84} INFO - Running: ['***', 'tasks', 'run', 'Load-Green-Taxi-Data-Web-To-GCS-To-BQ', 'download_to_gcs', 'scheduled__2019-06-02T06:00:00+00:00', '--job-id', '640', '--raw', '--subdir', 'DAGS_FOLDER/web_gcs_bq.py', '--cfg-path', '/tmp/tmpkjrua9vw']
[2023-10-01T20:08:40.853+0000] {standard_task_runner.py:85} INFO - Job 640: Subtask download_to_gcs
[2023-10-01T20:08:40.908+0000] {task_command.py:410} INFO - Running <TaskInstance: Load-Green-Taxi-Data-Web-To-GCS-To-BQ.download_to_gcs scheduled__2019-06-02T06:00:00+00:00 [running]> on host 772c7a5949f4
[2023-10-01T20:08:41.039+0000] {taskinstance.py:1547} INFO - Exporting env vars: AIRFLOW_CTX_DAG_EMAIL='' AIRFLOW_CTX_DAG_OWNER='***' AIRFLOW_CTX_DAG_ID='Load-Green-Taxi-Data-Web-To-GCS-To-BQ' AIRFLOW_CTX_TASK_ID='download_to_gcs' AIRFLOW_CTX_EXECUTION_DATE='2019-06-02T06:00:00+00:00' AIRFLOW_CTX_TRY_NUMBER='1' AIRFLOW_CTX_DAG_RUN_ID='scheduled__2019-06-02T06:00:00+00:00'
[2023-10-01T20:08:41.040+0000] {crypto.py:83} WARNING - empty cryptography key - values will not be stored encrypted.
[2023-10-01T20:08:41.041+0000] {base.py:73} INFO - Using connection ID 'google_cloud_default' for task execution.
[2023-10-01T20:08:41.041+0000] {Web_To_GCS_Hook.py:67} INFO - Execute downloading of file from https://github.com/DataTalksClub/nyc-tlc-data/releases/download/green/green_tripdata_2019-06.csv.gz to gs://practice18//green_tripdata_2019-06.csv.gz
[2023-10-01T20:09:06.324+0000] {Web_To_GCS_Hook.py:79} INFO - File written to temporary directory: /tmp/tmplntb4n5s/green_tripdata_2019-06.csv.gz
[2023-10-01T20:09:07.830+0000] {logging_mixin.py:150} INFO -    VendorID lpep_pickup_datetime  ... trip_type congestion_surcharge
0         2  2019-06-01 00:25:27  ...         1                 2.75
1         2  2019-06-01 00:39:13  ...         1                 0.00
2         2  2019-06-01 00:55:35  ...         1                 0.00
3         2  2019-06-01 00:54:50  ...         1                 0.00
4         1  2019-06-01 00:08:05  ...         1                 0.00

[5 rows x 20 columns]
[2023-10-01T20:09:07.831+0000] {logging_mixin.py:150} INFO - (471052, 20)
[2023-10-01T20:09:11.088+0000] {Web_To_GCS_Hook.py:90} INFO - Parquet: green_tripdata_2019-06.csv
[2023-10-01T20:10:10.791+0000] {gcs.py:538} INFO - File /tmp/tmplntb4n5s/green_tripdata_2019-06.csv uploaded to green/green_tripdata_2019-06.csv in practice18 bucket
[2023-10-01T20:10:10.791+0000] {Web_To_GCS_Hook.py:105} INFO - Loaded file from https://github.com/DataTalksClub/nyc-tlc-data/releases/download/green/green_tripdata_2019-06.csv.gz to gs://practice18//green/green_tripdata_2019-06.csv
[2023-10-01T20:10:10.833+0000] {taskinstance.py:1350} INFO - Marking task as SUCCESS. dag_id=Load-Green-Taxi-Data-Web-To-GCS-To-BQ, task_id=download_to_gcs, execution_date=20190602T060000, start_date=20231001T200840, end_date=20231001T201010
[2023-10-01T20:10:10.894+0000] {local_task_job_runner.py:225} INFO - Task exited with return code 0
[2023-10-01T20:10:10.925+0000] {taskinstance.py:2653} INFO - 1 downstream tasks scheduled from follow-on schedule check
